<?xml version="1.0" encoding="UTF-8"?>
<testsuite name="com.gona.springboot.web.IndexControllerTest" tests="1" skipped="0" failures="0" errors="0" timestamp="2020-12-23T06:57:33" hostname="DESKTOP-I50PKGV" time="1.58">
  <properties/>
  <testcase name="메인페이지_로딩" classname="com.gona.springboot.web.IndexControllerTest" time="1.58"/>
  <system-out><![CDATA[15:57:09.111 [Test worker] DEBUG org.springframework.test.context.junit4.SpringJUnit4ClassRunner - SpringJUnit4ClassRunner constructor called with [class com.gona.springboot.web.IndexControllerTest]
15:57:09.140 [Test worker] DEBUG org.springframework.test.context.BootstrapUtils - Instantiating CacheAwareContextLoaderDelegate from class [org.springframework.test.context.cache.DefaultCacheAwareContextLoaderDelegate]
15:57:09.177 [Test worker] DEBUG org.springframework.test.context.BootstrapUtils - Instantiating BootstrapContext using constructor [public org.springframework.test.context.support.DefaultBootstrapContext(java.lang.Class,org.springframework.test.context.CacheAwareContextLoaderDelegate)]
15:57:09.261 [Test worker] DEBUG org.springframework.test.context.BootstrapUtils - Instantiating TestContextBootstrapper for test class [com.gona.springboot.web.IndexControllerTest] from class [org.springframework.boot.test.context.SpringBootTestContextBootstrapper]
15:57:09.324 [Test worker] INFO org.springframework.boot.test.context.SpringBootTestContextBootstrapper - Neither @ContextConfiguration nor @ContextHierarchy found for test class [com.gona.springboot.web.IndexControllerTest], using SpringBootContextLoader
15:57:09.340 [Test worker] DEBUG org.springframework.test.context.support.AbstractContextLoader - Did not detect default resource location for test class [com.gona.springboot.web.IndexControllerTest]: class path resource [com/gona/springboot/web/IndexControllerTest-context.xml] does not exist
15:57:09.343 [Test worker] DEBUG org.springframework.test.context.support.AbstractContextLoader - Did not detect default resource location for test class [com.gona.springboot.web.IndexControllerTest]: class path resource [com/gona/springboot/web/IndexControllerTestContext.groovy] does not exist
15:57:09.344 [Test worker] INFO org.springframework.test.context.support.AbstractContextLoader - Could not detect default resource locations for test class [com.gona.springboot.web.IndexControllerTest]: no resource found for suffixes {-context.xml, Context.groovy}.
15:57:09.349 [Test worker] INFO org.springframework.test.context.support.AnnotationConfigContextLoaderUtils - Could not detect default configuration classes for test class [com.gona.springboot.web.IndexControllerTest]: IndexControllerTest does not declare any static, non-private, non-final, nested classes annotated with @Configuration.
15:57:09.586 [Test worker] DEBUG org.springframework.test.context.support.ActiveProfilesUtils - Could not find an 'annotation declaring class' for annotation type [org.springframework.test.context.ActiveProfiles] and class [com.gona.springboot.web.IndexControllerTest]
15:57:10.092 [Test worker] DEBUG org.springframework.context.annotation.ClassPathScanningCandidateComponentProvider - Identified candidate component class: file [C:\Users\jsung\OneDrive\문서\Spring_Boot_Project\Spring_Boot_Project\SpringBootProject\build\classes\java\main\com\gona\springboot\Application.class]
15:57:10.099 [Test worker] INFO org.springframework.boot.test.context.SpringBootTestContextBootstrapper - Found @SpringBootConfiguration com.gona.springboot.Application for test class com.gona.springboot.web.IndexControllerTest
15:57:10.605 [Test worker] DEBUG org.springframework.boot.test.context.SpringBootTestContextBootstrapper - @TestExecutionListeners is not present for class [com.gona.springboot.web.IndexControllerTest]: using defaults.
15:57:10.608 [Test worker] INFO org.springframework.boot.test.context.SpringBootTestContextBootstrapper - Loaded default TestExecutionListener class names from location [META-INF/spring.factories]: [org.springframework.boot.test.autoconfigure.restdocs.RestDocsTestExecutionListener, org.springframework.boot.test.autoconfigure.web.client.MockRestServiceServerResetTestExecutionListener, org.springframework.boot.test.autoconfigure.web.servlet.MockMvcPrintOnlyOnFailureTestExecutionListener, org.springframework.boot.test.autoconfigure.web.servlet.WebDriverTestExecutionListener, org.springframework.boot.test.mock.mockito.MockitoTestExecutionListener, org.springframework.boot.test.mock.mockito.ResetMocksTestExecutionListener, org.springframework.test.context.web.ServletTestExecutionListener, org.springframework.test.context.support.DirtiesContextBeforeModesTestExecutionListener, org.springframework.test.context.support.DependencyInjectionTestExecutionListener, org.springframework.test.context.support.DirtiesContextTestExecutionListener, org.springframework.test.context.transaction.TransactionalTestExecutionListener, org.springframework.test.context.jdbc.SqlScriptsTestExecutionListener]
15:57:10.716 [Test worker] INFO org.springframework.boot.test.context.SpringBootTestContextBootstrapper - Using TestExecutionListeners: [org.springframework.test.context.web.ServletTestExecutionListener@2ead451f, org.springframework.test.context.support.DirtiesContextBeforeModesTestExecutionListener@1c2916fe, org.springframework.boot.test.mock.mockito.MockitoTestExecutionListener@619fd596, org.springframework.boot.test.autoconfigure.SpringBootDependencyInjectionTestExecutionListener@42e70928, org.springframework.test.context.support.DirtiesContextTestExecutionListener@62629d6, org.springframework.test.context.transaction.TransactionalTestExecutionListener@526c410a, org.springframework.test.context.jdbc.SqlScriptsTestExecutionListener@4dc01db4, org.springframework.boot.test.autoconfigure.restdocs.RestDocsTestExecutionListener@3794e36d, org.springframework.boot.test.autoconfigure.web.client.MockRestServiceServerResetTestExecutionListener@4b14d0, org.springframework.boot.test.autoconfigure.web.servlet.MockMvcPrintOnlyOnFailureTestExecutionListener@301f71c2, org.springframework.boot.test.autoconfigure.web.servlet.WebDriverTestExecutionListener@7dfff7c8, org.springframework.boot.test.mock.mockito.ResetMocksTestExecutionListener@6de0fc91]
15:57:10.733 [Test worker] DEBUG org.springframework.test.annotation.ProfileValueUtils - Retrieved @ProfileValueSourceConfiguration [null] for test class [com.gona.springboot.web.IndexControllerTest]
15:57:10.736 [Test worker] DEBUG org.springframework.test.annotation.ProfileValueUtils - Retrieved ProfileValueSource type [class org.springframework.test.annotation.SystemProfileValueSource] for class [com.gona.springboot.web.IndexControllerTest]
15:57:10.747 [Test worker] DEBUG org.springframework.test.annotation.ProfileValueUtils - Retrieved @ProfileValueSourceConfiguration [null] for test class [com.gona.springboot.web.IndexControllerTest]
15:57:10.747 [Test worker] DEBUG org.springframework.test.annotation.ProfileValueUtils - Retrieved ProfileValueSource type [class org.springframework.test.annotation.SystemProfileValueSource] for class [com.gona.springboot.web.IndexControllerTest]
15:57:10.751 [Test worker] DEBUG org.springframework.test.annotation.ProfileValueUtils - Retrieved @ProfileValueSourceConfiguration [null] for test class [com.gona.springboot.web.IndexControllerTest]
15:57:10.752 [Test worker] DEBUG org.springframework.test.annotation.ProfileValueUtils - Retrieved ProfileValueSource type [class org.springframework.test.annotation.SystemProfileValueSource] for class [com.gona.springboot.web.IndexControllerTest]
15:57:10.771 [Test worker] DEBUG org.springframework.test.context.support.AbstractDirtiesContextTestExecutionListener - Before test class: context [DefaultTestContext@2c436cf6 testClass = IndexControllerTest, testInstance = [null], testMethod = [null], testException = [null], mergedContextConfiguration = [WebMergedContextConfiguration@1cbd558d testClass = IndexControllerTest, locations = '{}', classes = '{class com.gona.springboot.Application}', contextInitializerClasses = '[]', activeProfiles = '{}', propertySourceLocations = '{}', propertySourceProperties = '{org.springframework.boot.test.context.SpringBootTestContextBootstrapper=true, server.port=0}', contextCustomizers = set[org.springframework.boot.test.autoconfigure.properties.PropertyMappingContextCustomizer@0, org.springframework.boot.test.autoconfigure.web.servlet.WebDriverContextCustomizerFactory$Customizer@daf855e, org.springframework.boot.test.context.filter.ExcludeFilterContextCustomizer@6e516cbc, org.springframework.boot.test.json.DuplicateJsonObjectContextCustomizerFactory$DuplicateJsonObjectContextCustomizer@40c5d74b, org.springframework.boot.test.mock.mockito.MockitoContextCustomizer@0, org.springframework.boot.test.web.client.TestRestTemplateContextCustomizer@2c8a0515], resourceBasePath = 'src/main/webapp', contextLoader = 'org.springframework.boot.test.context.SpringBootContextLoader', parent = [null]], attributes = map['org.springframework.test.context.web.ServletTestExecutionListener.activateListener' -> false]], class annotated with @DirtiesContext [false] with mode [null].
15:57:10.775 [Test worker] DEBUG org.springframework.test.annotation.ProfileValueUtils - Retrieved @ProfileValueSourceConfiguration [null] for test class [com.gona.springboot.web.IndexControllerTest]
15:57:10.776 [Test worker] DEBUG org.springframework.test.annotation.ProfileValueUtils - Retrieved ProfileValueSource type [class org.springframework.test.annotation.SystemProfileValueSource] for class [com.gona.springboot.web.IndexControllerTest]
15:57:10.800 [Test worker] DEBUG org.springframework.test.context.support.DependencyInjectionTestExecutionListener - Performing dependency injection for test context [[DefaultTestContext@2c436cf6 testClass = IndexControllerTest, testInstance = com.gona.springboot.web.IndexControllerTest@6dbcbe54, testMethod = [null], testException = [null], mergedContextConfiguration = [WebMergedContextConfiguration@1cbd558d testClass = IndexControllerTest, locations = '{}', classes = '{class com.gona.springboot.Application}', contextInitializerClasses = '[]', activeProfiles = '{}', propertySourceLocations = '{}', propertySourceProperties = '{org.springframework.boot.test.context.SpringBootTestContextBootstrapper=true, server.port=0}', contextCustomizers = set[org.springframework.boot.test.autoconfigure.properties.PropertyMappingContextCustomizer@0, org.springframework.boot.test.autoconfigure.web.servlet.WebDriverContextCustomizerFactory$Customizer@daf855e, org.springframework.boot.test.context.filter.ExcludeFilterContextCustomizer@6e516cbc, org.springframework.boot.test.json.DuplicateJsonObjectContextCustomizerFactory$DuplicateJsonObjectContextCustomizer@40c5d74b, org.springframework.boot.test.mock.mockito.MockitoContextCustomizer@0, org.springframework.boot.test.web.client.TestRestTemplateContextCustomizer@2c8a0515], resourceBasePath = 'src/main/webapp', contextLoader = 'org.springframework.boot.test.context.SpringBootContextLoader', parent = [null]], attributes = map['org.springframework.test.context.web.ServletTestExecutionListener.activateListener' -> false]]].
15:57:10.897 [Test worker] DEBUG org.springframework.test.context.support.TestPropertySourceUtils - Adding inlined properties to environment: {spring.jmx.enabled=false, org.springframework.boot.test.context.SpringBootTestContextBootstrapper=true, server.port=0}

  .   ____          _            __ _ _
 /\\ / ___'_ __ _ _(_)_ __  __ _ \ \ \ \
( ( )\___ | '_ | '_| | '_ \/ _` | \ \ \ \
 \\/  ___)| |_)| | | | | || (_| |  ) ) ) )
  '  |____| .__|_| |_|_| |_\__, | / / / /
 =========|_|==============|___/=/_/_/_/
 :: Spring Boot ::        (v2.1.9.RELEASE)

2020-12-23 15:57:12.121  INFO 24324 --- [    Test worker] c.g.springboot.web.IndexControllerTest   : Starting IndexControllerTest on DESKTOP-I50PKGV with PID 24324 (started by jsung in C:\Users\jsung\OneDrive\문서\Spring_Boot_Project\Spring_Boot_Project\SpringBootProject)
2020-12-23 15:57:12.126  INFO 24324 --- [    Test worker] c.g.springboot.web.IndexControllerTest   : No active profile set, falling back to default profiles: default
2020-12-23 15:57:15.090  INFO 24324 --- [    Test worker] .s.d.r.c.RepositoryConfigurationDelegate : Bootstrapping Spring Data repositories in DEFAULT mode.
2020-12-23 15:57:15.408  INFO 24324 --- [    Test worker] .s.d.r.c.RepositoryConfigurationDelegate : Finished Spring Data repository scanning in 286ms. Found 1 repository interfaces.
2020-12-23 15:57:17.173  INFO 24324 --- [    Test worker] trationDelegate$BeanPostProcessorChecker : Bean 'org.springframework.transaction.annotation.ProxyTransactionManagementConfiguration' of type [org.springframework.transaction.annotation.ProxyTransactionManagementConfiguration$$EnhancerBySpringCGLIB$$edb3c306] is not eligible for getting processed by all BeanPostProcessors (for example: not eligible for auto-proxying)
2020-12-23 15:57:18.914  INFO 24324 --- [    Test worker] o.s.b.w.embedded.tomcat.TomcatWebServer  : Tomcat initialized with port(s): 0 (http)
2020-12-23 15:57:19.034  INFO 24324 --- [    Test worker] o.apache.catalina.core.StandardService   : Starting service [Tomcat]
2020-12-23 15:57:19.036  INFO 24324 --- [    Test worker] org.apache.catalina.core.StandardEngine  : Starting Servlet engine: [Apache Tomcat/9.0.26]
2020-12-23 15:57:19.835  INFO 24324 --- [    Test worker] o.a.c.c.C.[Tomcat].[localhost].[/]       : Initializing Spring embedded WebApplicationContext
2020-12-23 15:57:19.836  INFO 24324 --- [    Test worker] o.s.web.context.ContextLoader            : Root WebApplicationContext: initialization completed in 7614 ms
2020-12-23 15:57:21.284  INFO 24324 --- [    Test worker] com.zaxxer.hikari.HikariDataSource       : HikariPool-1 - Starting...
2020-12-23 15:57:22.069  INFO 24324 --- [    Test worker] com.zaxxer.hikari.HikariDataSource       : HikariPool-1 - Start completed.
2020-12-23 15:57:22.462  INFO 24324 --- [    Test worker] o.hibernate.jpa.internal.util.LogHelper  : HHH000204: Processing PersistenceUnitInfo [
	name: default
	...]
2020-12-23 15:57:22.842  INFO 24324 --- [    Test worker] org.hibernate.Version                    : HHH000412: Hibernate Core {5.3.12.Final}
2020-12-23 15:57:22.851  INFO 24324 --- [    Test worker] org.hibernate.cfg.Environment            : HHH000206: hibernate.properties not found
2020-12-23 15:57:23.590  INFO 24324 --- [    Test worker] o.hibernate.annotations.common.Version   : HCANN000001: Hibernate Commons Annotations {5.0.4.Final}
2020-12-23 15:57:24.386  INFO 24324 --- [    Test worker] org.hibernate.dialect.Dialect            : HHH000400: Using dialect: org.hibernate.dialect.MySQL5InnoDBDialect
Hibernate: drop table if exists posts
Hibernate: create table posts (id bigint not null auto_increment, created_date datetime, modified_date datetime, author varchar(255), content Text not null, title varchar(500) not null, primary key (id)) engine=InnoDB
2020-12-23 15:57:27.381  INFO 24324 --- [    Test worker] o.h.t.schema.internal.SchemaCreatorImpl  : HHH000476: Executing import script 'org.hibernate.tool.schema.internal.exec.ScriptSourceInputNonExistentImpl@4297c954'
2020-12-23 15:57:27.395  INFO 24324 --- [    Test worker] j.LocalContainerEntityManagerFactoryBean : Initialized JPA EntityManagerFactory for persistence unit 'default'
2020-12-23 15:57:31.142  INFO 24324 --- [    Test worker] o.s.s.concurrent.ThreadPoolTaskExecutor  : Initializing ExecutorService 'applicationTaskExecutor'
2020-12-23 15:57:31.369  WARN 24324 --- [    Test worker] aWebConfiguration$JpaWebMvcConfiguration : spring.jpa.open-in-view is enabled by default. Therefore, database queries may be performed during view rendering. Explicitly configure spring.jpa.open-in-view to disable this warning
2020-12-23 15:57:31.587  INFO 24324 --- [    Test worker] o.s.b.a.w.s.WelcomePageHandlerMapping    : Adding welcome page template: index
2020-12-23 15:57:33.453  INFO 24324 --- [    Test worker] o.s.b.w.embedded.tomcat.TomcatWebServer  : Tomcat started on port(s): 10585 (http) with context path ''
2020-12-23 15:57:33.462  INFO 24324 --- [    Test worker] c.g.springboot.web.IndexControllerTest   : Started IndexControllerTest in 22.554 seconds (JVM running for 27.412)
2020-12-23 15:57:34.487  INFO 24324 --- [o-auto-1-exec-1] o.a.c.c.C.[Tomcat].[localhost].[/]       : Initializing Spring DispatcherServlet 'dispatcherServlet'
2020-12-23 15:57:34.489  INFO 24324 --- [o-auto-1-exec-1] o.s.web.servlet.DispatcherServlet        : Initializing Servlet 'dispatcherServlet'
2020-12-23 15:57:34.594  INFO 24324 --- [o-auto-1-exec-1] o.s.web.servlet.DispatcherServlet        : Completed initialization in 104 ms
]]></system-out>
  <system-err><![CDATA[]]></system-err>
</testsuite>
